<?xml version="1.0" encoding="UTF-8"?>
<!-- Generated by org.testng.reporters.JUnitXMLReporter -->
<testsuite hostname="Lenovo-PC" ignored="3" name="Default test(failed)(failed)" tests="2" failures="1" timestamp="11 Nov 2017 03:50:46 GMT" time="12.623" errors="0">
  <testcase name="navigatePage" time="8.29" classname="com.TestNG.Ebay_TestNG"/>
  <testcase name="getPageInfo" time="0.091" classname="com.TestNG.Ebay_TestNG">
    <failure type="java.lang.AssertionError" message="expected [Ebay] but found [Electronics, Cars, Fashion, Collectibles, Coupons and More | eBay]">
      <![CDATA[java.lang.AssertionError: expected [Ebay] but found [Electronics, Cars, Fashion, Collectibles, Coupons and More | eBay]
	at com.TestNG.Ebay_TestNG.getPageInfo(Ebay_TestNG.java:86)
... Removed 31 stack frames]]>
    </failure>
  </testcase> <!-- getPageInfo -->
  <testcase name="searchProduct" time="0.0" classname="com.TestNG.Ebay_TestNG">
    <ignored/>
  </testcase> <!-- searchProduct -->
  <testcase name="browserProperty" time="0.0" classname="com.TestNG.Ebay_TestNG">
    <ignored/>
  </testcase> <!-- browserProperty -->
  <testcase name="getList" time="0.0" classname="com.TestNG.Ebay_TestNG">
    <ignored/>
  </testcase> <!-- getList -->
</testsuite> <!-- Default test(failed)(failed) -->
