<?xml version="1.0" encoding="UTF-8"?>
<!-- Generated by org.testng.reporters.JUnitXMLReporter -->
<testsuite hostname="Lenovo-PC" ignored="0" name="Default test" tests="5" failures="0" timestamp="09 Dec 2017 09:24:47 GMT" time="38.0" errors="0">
  <testcase name="browserProperty" time="1.308" classname="com.TestNG.Ebay_TestNG_ExtentReport"/>
  <testcase name="navigatePage" time="10.498" classname="com.TestNG.Ebay_TestNG_ExtentReport"/>
  <testcase name="getPageInfo" time="5.664" classname="com.TestNG.Ebay_TestNG_ExtentReport"/>
  <testcase name="searchProduct" time="3.221" classname="com.TestNG.Ebay_TestNG_ExtentReport"/>
  <testcase name="getList" time="11.316" classname="com.TestNG.Ebay_TestNG_ExtentReport"/>
</testsuite> <!-- Default test -->
