<?xml version="1.0" encoding="UTF-8"?>
<!-- Generated by org.testng.reporters.JUnitXMLReporter -->
<testsuite hostname="Lenovo-PC" ignored="0" name="Test1" tests="5" failures="1" timestamp="11 Nov 2017 04:20:43 GMT" time="24.61" errors="0">
  <testcase name="browserProperty" time="1.409" classname="com.TestNG.Ebay_TestNG_Parameter_XML"/>
  <testcase name="navigatePage" time="8.338" classname="com.TestNG.Ebay_TestNG_Parameter_XML"/>
  <testcase name="getPageInfo" time="0.075" classname="com.TestNG.Ebay_TestNG_Parameter_XML">
    <failure type="java.lang.AssertionError" message="expected [Ebay] but found [Electronics, Cars, Fashion, Collectibles, Coupons and More | eBay]">
      <![CDATA[java.lang.AssertionError: expected [Ebay] but found [Electronics, Cars, Fashion, Collectibles, Coupons and More | eBay]
	at com.TestNG.Ebay_TestNG_Parameter_XML.getPageInfo(Ebay_TestNG_Parameter_XML.java:88)
... Removed 31 stack frames]]>
    </failure>
  </testcase> <!-- getPageInfo -->
  <testcase name="searchProduct" time="2.523" classname="com.TestNG.Ebay_TestNG_Parameter_XML"/>
  <testcase name="getList" time="8.161" classname="com.TestNG.Ebay_TestNG_Parameter_XML"/>
</testsuite> <!-- Test1 -->
